<?xml version="1.0" encoding="UTF-8"?>
<testng-results ignored="0" total="2" passed="2" failed="0" skipped="0">
  <reporter-output>
  </reporter-output>
  <suite started-at="2022-08-29T15:15:51 IST" name="Default suite" finished-at="2022-08-29T15:15:56 IST" duration-ms="4840">
    <groups>
    </groups>
    <test started-at="2022-08-29T15:15:51 IST" name="Default test" finished-at="2022-08-29T15:15:56 IST" duration-ms="4840">
      <class name="testNG.ParallelTestingExample9">
        <test-method signature="openbing()[pri:0, instance:testNG.ParallelTestingExample9@75329a49]" started-at="2022-08-29T15:15:51 IST" name="openbing" finished-at="2022-08-29T15:15:54 IST" duration-ms="2316" status="PASS">
          <reporter-output>
          </reporter-output>
        </test-method> <!-- openbing -->
        <test-method signature="opengoogle()[pri:0, instance:testNG.ParallelTestingExample9@75329a49]" started-at="2022-08-29T15:15:54 IST" name="opengoogle" finished-at="2022-08-29T15:15:56 IST" duration-ms="2460" status="PASS">
          <reporter-output>
          </reporter-output>
        </test-method> <!-- opengoogle -->
      </class> <!-- testNG.ParallelTestingExample9 -->
    </test> <!-- Default test -->
  </suite> <!-- Default suite -->
</testng-results>
