<?xml version="1.0" encoding="UTF-8"?>
<!-- Generated by org.testng.reporters.JUnitXMLReporter -->
<testsuite ignored="0" hostname="DESKTOP-G0D5220" failures="0" tests="4" name="test cases" time="0.073" errors="0" timestamp="2022-08-25T16:01:10 IST">
  <testcase classname="testNG.SampleTestCase" name="FourthTestCase" time="0.014"/>
  <testcase classname="testNG.SampleTestCase" name="SecondTestCase" time="0.014"/>
  <testcase classname="testNG.SampleTestCase" name="ThirdTestCase" time="0.003"/>
  <testcase classname="testNG.SampleTestCase" name="firstTestCase" time="0.005"/>
</testsuite> <!-- test cases -->
